[0;32m[+][0m VBIOS file: Razer.RTX3080.8192.210603.rom
[0;32m[+][0m MD5: f458d34324bfd843bee5107006a0e70f
[0;32m[+][0m Expected MD5: f458d34324bfd843bee5107006a0e70f

[0;32m[+][0m MD5 verified OK
[0;32m[+][0m GPU found at PCI address: 01:00.0
[0;32m[+][0m STEP 1: Unloading GPU kernel modules...
[0;32m[+][0m Blacklisted nvidia/nouveau modules in modprobe.d
[0;32m[+][0m All nvidia modules unloaded successfully

[0;32m[+][0m STEP 2: Attempting NVFlash (standard)...
[0;32m[+][0m Running: nvflash --list
NVIDIA Firmware Update Utility (Version 5.867.0)
Copyright (C) 1993-2024, NVIDIA Corporation. All rights reserved.

NVIDIA display adapters present in system:
<0> Graphics Device      (10DE,249C,1A58,2018) S:00,B:01,D:00,F:00

[0;32m[+][0m Disabling write protection...
NVIDIA Firmware Update Utility (Version 5.867.0)
Copyright (C) 1993-2024, NVIDIA Corporation. All rights reserved.


ERROR: A system restart might be required before running the utility.

[0;32m[+][0m Running: nvflash --index=0 Razer.RTX3080.8192.210603.rom
NVIDIA Firmware Update Utility (Version 5.867.0)
Copyright (C) 1993-2024, NVIDIA Corporation. All rights reserved.

Checking for matches between display adapter(s) and image(s)...

Adapter not accessible or supported EEPROM not found, skipping

NOTE: Exception caught.

Results:
 Index | Match | Flash | Name 
  <00>                   Graphics Device  (10DE,249C,1A58,2018) S:00, B:01
Nothing changed!



ERROR:  Detecting GPU failed.
[1;33m[!][0m Standard nvflash failed. Trying with override flags...

[0;32m[+][0m STEP 3: Attempting NVFlash with override flag -6...
[0;32m[+][0m Running: nvflash -6 --index=0 Razer.RTX3080.8192.210603.rom
NVIDIA Firmware Update Utility (Version 5.867.0)
Copyright (C) 1993-2024, NVIDIA Corporation. All rights reserved.

Checking for matches between display adapter(s) and image(s)...

Adapter not accessible or supported EEPROM not found, skipping

NOTE: Exception caught.

Results:
 Index | Match | Flash | Name 
  <00>                   Graphics Device  (10DE,249C,1A58,2018) S:00, B:01
Nothing changed!



ERROR:  Detecting GPU failed.
[1;33m[!][0m NVFlash -6 also failed.

[0;32m[+][0m STEP 3b: Trying nvflash --overridesub --index=0...
NVIDIA Firmware Update Utility (Version 5.867.0)
Copyright (C) 1993-2024, NVIDIA Corporation. All rights reserved.

Checking for matches between display adapter(s) and image(s)...

Adapter not accessible or supported EEPROM not found, skipping

NOTE: Exception caught.

Results:
 Index | Match | Flash | Name 
  <00>                   Graphics Device  (10DE,249C,1A58,2018) S:00, B:01
Nothing changed!



ERROR:  Detecting GPU failed.
[1;33m[!][0m NVFlash --overridesub also failed.

[0;32m[+][0m STEP 4: Attempting sysfs ROM write...
[0;32m[+][0m ROM sysfs node exists at /sys/bus/pci/devices/0000:01:00.0/rom
[0;32m[+][0m Enabling ROM write access...
[0;32m[+][0m Reading current corrupted ROM for backup...
[1;33m[!][0m Could not read current ROM
[0;32m[+][0m Writing new VBIOS via sysfs...
cp: error writing '/sys/bus/pci/devices/0000:01:00.0/rom': File too large
[1;33m[!][0m Sysfs ROM write failed.

[0;31m[!][0m =========================================
[0;31m[!][0m ALL SOFTWARE FLASH METHODS FAILED
[0;31m[!][0m =========================================

[1;33m[!][0m You need a CH341A USB SPI programmer for hardware flashing.
[1;33m[!][0m The flash chip is: Winbond W25Q16JWN (1.8V SOP8)

Required hardware:
  1. CH341A USB programmer (~$5-15 on Amazon)
  2. 1.8V adapter board (CRITICAL - chip is 1.8V, CH341A outputs 3.3V/5V)
  3. SOP8 test clip or soldering equipment

See ch341a_flash.sh for exact hardware flash commands.

IMPORTANT WARNINGS:
  - DO NOT connect CH341A directly without 1.8V adapter — you WILL fry the chip
  - The W25Q16JWN is rated for 1.65V-1.95V only
  - Power off the laptop completely before connecting the programmer
  - Disconnect the battery if possible

[0;32m[+][0m Flash log saved to: /root/recovery/flash_20260330_205952.log
